2023-04-02 21:04:23.588549 - Initialized conversion of CBT025
2023-04-02 21:04:23.877318 - Received CBT.V504.FILE025.PDS from FILE025.XMI 
2023-04-02 21:04:23.880071 - Found $$$#DATE.txt (text/plain) in CBT.V504.FILE025.PDS, moved to PDS/$$$#DATE
2023-04-02 21:04:23.881222 - Found $$OLDSTF.txt (text/plain) in CBT.V504.FILE025.PDS, moved to PDS/$$OLDSTF
2023-04-02 21:04:23.882336 - Found $DISCLAM.txt (text/plain) in CBT.V504.FILE025.PDS, moved to PDS/$DISCLAM
2023-04-02 21:04:23.883300 - Found $DOC.txt (text/plain) in CBT.V504.FILE025.PDS, moved to PDS/$DOC
2023-04-02 21:04:23.884397 - Found $PDSLOAD.jcl (text/plain) in CBT.V504.FILE025.PDS, moved to PDS/$PDSLOAD
2023-04-02 21:04:23.885472 - Found $PDSLOAE.jcl (text/plain) in CBT.V504.FILE025.PDS, moved to PDS/$PDSLOAE
2023-04-02 21:04:23.886454 - Found @FILE025.txt (text/plain) in CBT.V504.FILE025.PDS, moved to PDS/@FILE025
2023-04-02 21:04:23.887448 - Found BEGIN.txt (text/plain) in CBT.V504.FILE025.PDS, moved to PDS/BEGIN
2023-04-02 21:04:23.888471 - Found CONESA.txt (text/plain) in CBT.V504.FILE025.PDS, moved to PDS/CONESA
2023-04-02 21:04:23.889432 - Found CONESAJ.jcl (text/plain) in CBT.V504.FILE025.PDS, moved to PDS/CONESAJ
2023-04-02 21:04:23.890395 - Found CONS390.txt (text/plain) in CBT.V504.FILE025.PDS, moved to PDS/CONS390
2023-04-02 21:04:23.891355 - Found CONS390J.jcl (text/plain) in CBT.V504.FILE025.PDS, moved to PDS/CONS390J
2023-04-02 21:04:23.892292 - Found IEBCOPY.jcl (text/plain) in CBT.V504.FILE025.PDS, moved to PDS/IEBCOPY
2023-04-02 21:04:23.893254 - Found IKJTSO00.txt (text/plain) in CBT.V504.FILE025.PDS, moved to PDS/IKJTSO00
2023-04-02 21:04:23.894279 - Found KLEENUP.rexx (text/plain) in CBT.V504.FILE025.PDS, moved to PDS/KLEENUP
2023-04-02 21:04:23.895215 - Found KLEENUPJ.jcl (text/plain) in CBT.V504.FILE025.PDS, moved to PDS/KLEENUPJ
2023-04-02 21:04:23.896273 - Found MTTESA.txt (text/plain) in CBT.V504.FILE025.PDS, moved to PDS/MTTESA
2023-04-02 21:04:23.897240 - Found MTTESAJ.jcl (text/plain) in CBT.V504.FILE025.PDS, moved to PDS/MTTESAJ
2023-04-02 21:04:23.898211 - Found MTT390J.jcl (text/plain) in CBT.V504.FILE025.PDS, moved to PDS/MTT390J
2023-04-02 21:04:23.899421 - Found OLDESAVR.txt (text/plain) in CBT.V504.FILE025.PDS, moved to PDS/OLDESAVR
2023-04-02 21:04:23.900458 - Found OLDVERS.txt (text/plain) in CBT.V504.FILE025.PDS, moved to PDS/OLDVERS
2023-04-02 21:04:23.901908 - Found RESTESA.txt (text/plain) in CBT.V504.FILE025.PDS, moved to PDS/RESTESA
2023-04-02 21:04:23.902932 - Found SASSRCHD.jcl (text/plain) in CBT.V504.FILE025.PDS, moved to PDS/SASSRCHD
2023-04-02 21:04:23.903983 - Found SASSRCHV.jcl (text/plain) in CBT.V504.FILE025.PDS, moved to PDS/SASSRCHV
2023-04-02 21:04:23.905056 - Found ZTPPWTO.jcl (text/plain) in CBT.V504.FILE025.PDS, moved to PDS/ZTPPWTO
